2020-06-09 11:52:27,164 - root - INFO - STARTING at 2020-06-09 11:52:27...
2020-06-09 11:52:27,681 - root - ERROR - Failed to upload 21198zz0028vkvr_pages.csv: 500
2020-06-09 11:52:27,681 - root - ERROR - <!DOCTYPE html>

<html lang="en">

<head>

<title>Fester CSV Upload</title>

<meta charset="utf-8" />
<meta name="viewport" content="width=device-width, initial-scale=1, shrink-to-fit=no">

<link rel="stylesheet" href="/fester/css/bootstrap.min.css">
<link rel="stylesheet" href="/fester/css/fester-custom.css">
<link rel="stylesheet" href="/fester/css/fester-response.css">

</head>

<body>
  <nav class="navbar navbar-expand-md bg-custom-grey navbar-dark bg-dark fixed-top">
    <button class="navbar-toggler navbar-toggler-right" type="button" data-toggle="collapse"
      data-target="#navbarsExampleDefault" aria-controls="navbarsExampleDefault" aria-expanded="false"
      aria-label="Toggle navigation">
      <span class="navbar-toggler-icon"></span>
    </button>
    <a class="navbar-brand" href="/fester">Fester</a>
    <div class="collapse navbar-collapse" id="navbarNavAltMarkup">
      <div class="navbar-nav">
        <a class="nav-item nav-link active" href="/fester/upload/csv">CSV Upload</a> <a class="nav-item nav-link active"
          href="/fester/docs">API Documentation</a>
      </div>
    </div>
  </nav>

  <div class="container-fluid">
    <h1 id="csv-upload-title">Error</h1>
    <p>Manifest generation failed: Bad Request</p>
  </div>

  <script src="https://ajax.googleapis.com/ajax/libs/jquery/3.4.1/jquery.min.js"></script>
  <script src="https://cdnjs.cloudflare.com/ajax/libs/popper.js/1.14.7/umd/popper.min.js"></script>
  <script src="https://maxcdn.bootstrapcdn.com/bootstrap/4.3.1/js/bootstrap.min.js"></script>
</body>

</html>

2020-06-09 11:52:27,681 - root - ERROR - --------------------------------------------
2020-06-09 11:52:27,915 - root - ERROR - Failed to upload 21198zz0028vm1t_pages.csv: 500
2020-06-09 11:52:27,915 - root - ERROR - <!DOCTYPE html>

<html lang="en">

<head>

<title>Fester CSV Upload</title>

<meta charset="utf-8" />
<meta name="viewport" content="width=device-width, initial-scale=1, shrink-to-fit=no">

<link rel="stylesheet" href="/fester/css/bootstrap.min.css">
<link rel="stylesheet" href="/fester/css/fester-custom.css">
<link rel="stylesheet" href="/fester/css/fester-response.css">

</head>

<body>
  <nav class="navbar navbar-expand-md bg-custom-grey navbar-dark bg-dark fixed-top">
    <button class="navbar-toggler navbar-toggler-right" type="button" data-toggle="collapse"
      data-target="#navbarsExampleDefault" aria-controls="navbarsExampleDefault" aria-expanded="false"
      aria-label="Toggle navigation">
      <span class="navbar-toggler-icon"></span>
    </button>
    <a class="navbar-brand" href="/fester">Fester</a>
    <div class="collapse navbar-collapse" id="navbarNavAltMarkup">
      <div class="navbar-nav">
        <a class="nav-item nav-link active" href="/fester/upload/csv">CSV Upload</a> <a class="nav-item nav-link active"
          href="/fester/docs">API Documentation</a>
      </div>
    </div>
  </nav>

  <div class="container-fluid">
    <h1 id="csv-upload-title">Error</h1>
    <p>Manifest generation failed: Bad Request</p>
  </div>

  <script src="https://ajax.googleapis.com/ajax/libs/jquery/3.4.1/jquery.min.js"></script>
  <script src="https://cdnjs.cloudflare.com/ajax/libs/popper.js/1.14.7/umd/popper.min.js"></script>
  <script src="https://maxcdn.bootstrapcdn.com/bootstrap/4.3.1/js/bootstrap.min.js"></script>
</body>

</html>

2020-06-09 11:52:27,915 - root - ERROR - --------------------------------------------
2020-06-09 11:52:28,135 - root - ERROR - Failed to upload 21198zz0028vm6d_pages.csv: 500
2020-06-09 11:52:28,135 - root - ERROR - <!DOCTYPE html>

<html lang="en">

<head>

<title>Fester CSV Upload</title>

<meta charset="utf-8" />
<meta name="viewport" content="width=device-width, initial-scale=1, shrink-to-fit=no">

<link rel="stylesheet" href="/fester/css/bootstrap.min.css">
<link rel="stylesheet" href="/fester/css/fester-custom.css">
<link rel="stylesheet" href="/fester/css/fester-response.css">

</head>

<body>
  <nav class="navbar navbar-expand-md bg-custom-grey navbar-dark bg-dark fixed-top">
    <button class="navbar-toggler navbar-toggler-right" type="button" data-toggle="collapse"
      data-target="#navbarsExampleDefault" aria-controls="navbarsExampleDefault" aria-expanded="false"
      aria-label="Toggle navigation">
      <span class="navbar-toggler-icon"></span>
    </button>
    <a class="navbar-brand" href="/fester">Fester</a>
    <div class="collapse navbar-collapse" id="navbarNavAltMarkup">
      <div class="navbar-nav">
        <a class="nav-item nav-link active" href="/fester/upload/csv">CSV Upload</a> <a class="nav-item nav-link active"
          href="/fester/docs">API Documentation</a>
      </div>
    </div>
  </nav>

  <div class="container-fluid">
    <h1 id="csv-upload-title">Error</h1>
    <p>Manifest generation failed: Bad Request</p>
  </div>

  <script src="https://ajax.googleapis.com/ajax/libs/jquery/3.4.1/jquery.min.js"></script>
  <script src="https://cdnjs.cloudflare.com/ajax/libs/popper.js/1.14.7/umd/popper.min.js"></script>
  <script src="https://maxcdn.bootstrapcdn.com/bootstrap/4.3.1/js/bootstrap.min.js"></script>
</body>

</html>

2020-06-09 11:52:28,136 - root - ERROR - --------------------------------------------
2020-06-09 11:52:28,363 - root - ERROR - Failed to upload 21198zz0028vmc0_pages.csv: 500
2020-06-09 11:52:28,363 - root - ERROR - <!DOCTYPE html>

<html lang="en">

<head>

<title>Fester CSV Upload</title>

<meta charset="utf-8" />
<meta name="viewport" content="width=device-width, initial-scale=1, shrink-to-fit=no">

<link rel="stylesheet" href="/fester/css/bootstrap.min.css">
<link rel="stylesheet" href="/fester/css/fester-custom.css">
<link rel="stylesheet" href="/fester/css/fester-response.css">

</head>

<body>
  <nav class="navbar navbar-expand-md bg-custom-grey navbar-dark bg-dark fixed-top">
    <button class="navbar-toggler navbar-toggler-right" type="button" data-toggle="collapse"
      data-target="#navbarsExampleDefault" aria-controls="navbarsExampleDefault" aria-expanded="false"
      aria-label="Toggle navigation">
      <span class="navbar-toggler-icon"></span>
    </button>
    <a class="navbar-brand" href="/fester">Fester</a>
    <div class="collapse navbar-collapse" id="navbarNavAltMarkup">
      <div class="navbar-nav">
        <a class="nav-item nav-link active" href="/fester/upload/csv">CSV Upload</a> <a class="nav-item nav-link active"
          href="/fester/docs">API Documentation</a>
      </div>
    </div>
  </nav>

  <div class="container-fluid">
    <h1 id="csv-upload-title">Error</h1>
    <p>Manifest generation failed: Bad Request</p>
  </div>

  <script src="https://ajax.googleapis.com/ajax/libs/jquery/3.4.1/jquery.min.js"></script>
  <script src="https://cdnjs.cloudflare.com/ajax/libs/popper.js/1.14.7/umd/popper.min.js"></script>
  <script src="https://maxcdn.bootstrapcdn.com/bootstrap/4.3.1/js/bootstrap.min.js"></script>
</body>

</html>

2020-06-09 11:52:28,364 - root - ERROR - --------------------------------------------
2020-06-09 11:52:28,590 - root - ERROR - Failed to upload 21198zz0028vmjk_pages.csv: 500
2020-06-09 11:52:28,591 - root - ERROR - <!DOCTYPE html>

<html lang="en">

<head>

<title>Fester CSV Upload</title>

<meta charset="utf-8" />
<meta name="viewport" content="width=device-width, initial-scale=1, shrink-to-fit=no">

<link rel="stylesheet" href="/fester/css/bootstrap.min.css">
<link rel="stylesheet" href="/fester/css/fester-custom.css">
<link rel="stylesheet" href="/fester/css/fester-response.css">

</head>

<body>
  <nav class="navbar navbar-expand-md bg-custom-grey navbar-dark bg-dark fixed-top">
    <button class="navbar-toggler navbar-toggler-right" type="button" data-toggle="collapse"
      data-target="#navbarsExampleDefault" aria-controls="navbarsExampleDefault" aria-expanded="false"
      aria-label="Toggle navigation">
      <span class="navbar-toggler-icon"></span>
    </button>
    <a class="navbar-brand" href="/fester">Fester</a>
    <div class="collapse navbar-collapse" id="navbarNavAltMarkup">
      <div class="navbar-nav">
        <a class="nav-item nav-link active" href="/fester/upload/csv">CSV Upload</a> <a class="nav-item nav-link active"
          href="/fester/docs">API Documentation</a>
      </div>
    </div>
  </nav>

  <div class="container-fluid">
    <h1 id="csv-upload-title">Error</h1>
    <p>Manifest generation failed: Bad Request</p>
  </div>

  <script src="https://ajax.googleapis.com/ajax/libs/jquery/3.4.1/jquery.min.js"></script>
  <script src="https://cdnjs.cloudflare.com/ajax/libs/popper.js/1.14.7/umd/popper.min.js"></script>
  <script src="https://maxcdn.bootstrapcdn.com/bootstrap/4.3.1/js/bootstrap.min.js"></script>
</body>

</html>

2020-06-09 11:52:28,591 - root - ERROR - --------------------------------------------
2020-06-09 11:52:28,826 - root - ERROR - Failed to upload 21198zz0028vmq5_pages.csv: 500
2020-06-09 11:52:28,826 - root - ERROR - <!DOCTYPE html>

<html lang="en">

<head>

<title>Fester CSV Upload</title>

<meta charset="utf-8" />
<meta name="viewport" content="width=device-width, initial-scale=1, shrink-to-fit=no">

<link rel="stylesheet" href="/fester/css/bootstrap.min.css">
<link rel="stylesheet" href="/fester/css/fester-custom.css">
<link rel="stylesheet" href="/fester/css/fester-response.css">

</head>

<body>
  <nav class="navbar navbar-expand-md bg-custom-grey navbar-dark bg-dark fixed-top">
    <button class="navbar-toggler navbar-toggler-right" type="button" data-toggle="collapse"
      data-target="#navbarsExampleDefault" aria-controls="navbarsExampleDefault" aria-expanded="false"
      aria-label="Toggle navigation">
      <span class="navbar-toggler-icon"></span>
    </button>
    <a class="navbar-brand" href="/fester">Fester</a>
    <div class="collapse navbar-collapse" id="navbarNavAltMarkup">
      <div class="navbar-nav">
        <a class="nav-item nav-link active" href="/fester/upload/csv">CSV Upload</a> <a class="nav-item nav-link active"
          href="/fester/docs">API Documentation</a>
      </div>
    </div>
  </nav>

  <div class="container-fluid">
    <h1 id="csv-upload-title">Error</h1>
    <p>Manifest generation failed: Bad Request</p>
  </div>

  <script src="https://ajax.googleapis.com/ajax/libs/jquery/3.4.1/jquery.min.js"></script>
  <script src="https://cdnjs.cloudflare.com/ajax/libs/popper.js/1.14.7/umd/popper.min.js"></script>
  <script src="https://maxcdn.bootstrapcdn.com/bootstrap/4.3.1/js/bootstrap.min.js"></script>
</body>

</html>

2020-06-09 11:52:28,826 - root - ERROR - --------------------------------------------
2020-06-09 11:52:29,054 - root - ERROR - Failed to upload 21198zz0028vn6w_pages.csv: 500
2020-06-09 11:52:29,054 - root - ERROR - <!DOCTYPE html>

<html lang="en">

<head>

<title>Fester CSV Upload</title>

<meta charset="utf-8" />
<meta name="viewport" content="width=device-width, initial-scale=1, shrink-to-fit=no">

<link rel="stylesheet" href="/fester/css/bootstrap.min.css">
<link rel="stylesheet" href="/fester/css/fester-custom.css">
<link rel="stylesheet" href="/fester/css/fester-response.css">

</head>

<body>
  <nav class="navbar navbar-expand-md bg-custom-grey navbar-dark bg-dark fixed-top">
    <button class="navbar-toggler navbar-toggler-right" type="button" data-toggle="collapse"
      data-target="#navbarsExampleDefault" aria-controls="navbarsExampleDefault" aria-expanded="false"
      aria-label="Toggle navigation">
      <span class="navbar-toggler-icon"></span>
    </button>
    <a class="navbar-brand" href="/fester">Fester</a>
    <div class="collapse navbar-collapse" id="navbarNavAltMarkup">
      <div class="navbar-nav">
        <a class="nav-item nav-link active" href="/fester/upload/csv">CSV Upload</a> <a class="nav-item nav-link active"
          href="/fester/docs">API Documentation</a>
      </div>
    </div>
  </nav>

  <div class="container-fluid">
    <h1 id="csv-upload-title">Error</h1>
    <p>Manifest generation failed: Bad Request</p>
  </div>

  <script src="https://ajax.googleapis.com/ajax/libs/jquery/3.4.1/jquery.min.js"></script>
  <script src="https://cdnjs.cloudflare.com/ajax/libs/popper.js/1.14.7/umd/popper.min.js"></script>
  <script src="https://maxcdn.bootstrapcdn.com/bootstrap/4.3.1/js/bootstrap.min.js"></script>
</body>

</html>

2020-06-09 11:52:29,054 - root - ERROR - --------------------------------------------
2020-06-09 11:52:29,289 - root - ERROR - Failed to upload 21198zz00292j72_pages.csv: 500
2020-06-09 11:52:29,289 - root - ERROR - <!DOCTYPE html>

<html lang="en">

<head>

<title>Fester CSV Upload</title>

<meta charset="utf-8" />
<meta name="viewport" content="width=device-width, initial-scale=1, shrink-to-fit=no">

<link rel="stylesheet" href="/fester/css/bootstrap.min.css">
<link rel="stylesheet" href="/fester/css/fester-custom.css">
<link rel="stylesheet" href="/fester/css/fester-response.css">

</head>

<body>
  <nav class="navbar navbar-expand-md bg-custom-grey navbar-dark bg-dark fixed-top">
    <button class="navbar-toggler navbar-toggler-right" type="button" data-toggle="collapse"
      data-target="#navbarsExampleDefault" aria-controls="navbarsExampleDefault" aria-expanded="false"
      aria-label="Toggle navigation">
      <span class="navbar-toggler-icon"></span>
    </button>
    <a class="navbar-brand" href="/fester">Fester</a>
    <div class="collapse navbar-collapse" id="navbarNavAltMarkup">
      <div class="navbar-nav">
        <a class="nav-item nav-link active" href="/fester/upload/csv">CSV Upload</a> <a class="nav-item nav-link active"
          href="/fester/docs">API Documentation</a>
      </div>
    </div>
  </nav>

  <div class="container-fluid">
    <h1 id="csv-upload-title">Error</h1>
    <p>Manifest generation failed: Bad Request</p>
  </div>

  <script src="https://ajax.googleapis.com/ajax/libs/jquery/3.4.1/jquery.min.js"></script>
  <script src="https://cdnjs.cloudflare.com/ajax/libs/popper.js/1.14.7/umd/popper.min.js"></script>
  <script src="https://maxcdn.bootstrapcdn.com/bootstrap/4.3.1/js/bootstrap.min.js"></script>
</body>

</html>

2020-06-09 11:52:29,289 - root - ERROR - --------------------------------------------
2020-06-09 11:52:29,518 - root - ERROR - Failed to upload 21198zz00292jdn_pages.csv: 500
2020-06-09 11:52:29,518 - root - ERROR - <!DOCTYPE html>

<html lang="en">

<head>

<title>Fester CSV Upload</title>

<meta charset="utf-8" />
<meta name="viewport" content="width=device-width, initial-scale=1, shrink-to-fit=no">

<link rel="stylesheet" href="/fester/css/bootstrap.min.css">
<link rel="stylesheet" href="/fester/css/fester-custom.css">
<link rel="stylesheet" href="/fester/css/fester-response.css">

</head>

<body>
  <nav class="navbar navbar-expand-md bg-custom-grey navbar-dark bg-dark fixed-top">
    <button class="navbar-toggler navbar-toggler-right" type="button" data-toggle="collapse"
      data-target="#navbarsExampleDefault" aria-controls="navbarsExampleDefault" aria-expanded="false"
      aria-label="Toggle navigation">
      <span class="navbar-toggler-icon"></span>
    </button>
    <a class="navbar-brand" href="/fester">Fester</a>
    <div class="collapse navbar-collapse" id="navbarNavAltMarkup">
      <div class="navbar-nav">
        <a class="nav-item nav-link active" href="/fester/upload/csv">CSV Upload</a> <a class="nav-item nav-link active"
          href="/fester/docs">API Documentation</a>
      </div>
    </div>
  </nav>

  <div class="container-fluid">
    <h1 id="csv-upload-title">Error</h1>
    <p>Manifest generation failed: Bad Request</p>
  </div>

  <script src="https://ajax.googleapis.com/ajax/libs/jquery/3.4.1/jquery.min.js"></script>
  <script src="https://cdnjs.cloudflare.com/ajax/libs/popper.js/1.14.7/umd/popper.min.js"></script>
  <script src="https://maxcdn.bootstrapcdn.com/bootstrap/4.3.1/js/bootstrap.min.js"></script>
</body>

</html>

2020-06-09 11:52:29,518 - root - ERROR - --------------------------------------------
2020-06-09 11:52:29,748 - root - ERROR - Failed to upload 21198zz00292jk7_pages.csv: 500
2020-06-09 11:52:29,748 - root - ERROR - <!DOCTYPE html>

<html lang="en">

<head>

<title>Fester CSV Upload</title>

<meta charset="utf-8" />
<meta name="viewport" content="width=device-width, initial-scale=1, shrink-to-fit=no">

<link rel="stylesheet" href="/fester/css/bootstrap.min.css">
<link rel="stylesheet" href="/fester/css/fester-custom.css">
<link rel="stylesheet" href="/fester/css/fester-response.css">

</head>

<body>
  <nav class="navbar navbar-expand-md bg-custom-grey navbar-dark bg-dark fixed-top">
    <button class="navbar-toggler navbar-toggler-right" type="button" data-toggle="collapse"
      data-target="#navbarsExampleDefault" aria-controls="navbarsExampleDefault" aria-expanded="false"
      aria-label="Toggle navigation">
      <span class="navbar-toggler-icon"></span>
    </button>
    <a class="navbar-brand" href="/fester">Fester</a>
    <div class="collapse navbar-collapse" id="navbarNavAltMarkup">
      <div class="navbar-nav">
        <a class="nav-item nav-link active" href="/fester/upload/csv">CSV Upload</a> <a class="nav-item nav-link active"
          href="/fester/docs">API Documentation</a>
      </div>
    </div>
  </nav>

  <div class="container-fluid">
    <h1 id="csv-upload-title">Error</h1>
    <p>Manifest generation failed: Bad Request</p>
  </div>

  <script src="https://ajax.googleapis.com/ajax/libs/jquery/3.4.1/jquery.min.js"></script>
  <script src="https://cdnjs.cloudflare.com/ajax/libs/popper.js/1.14.7/umd/popper.min.js"></script>
  <script src="https://maxcdn.bootstrapcdn.com/bootstrap/4.3.1/js/bootstrap.min.js"></script>
</body>

</html>

2020-06-09 11:52:29,748 - root - ERROR - --------------------------------------------
2020-06-09 11:52:29,977 - root - ERROR - Failed to upload 21198zz00292jrt_pages.csv: 500
2020-06-09 11:52:29,977 - root - ERROR - <!DOCTYPE html>

<html lang="en">

<head>

<title>Fester CSV Upload</title>

<meta charset="utf-8" />
<meta name="viewport" content="width=device-width, initial-scale=1, shrink-to-fit=no">

<link rel="stylesheet" href="/fester/css/bootstrap.min.css">
<link rel="stylesheet" href="/fester/css/fester-custom.css">
<link rel="stylesheet" href="/fester/css/fester-response.css">

</head>

<body>
  <nav class="navbar navbar-expand-md bg-custom-grey navbar-dark bg-dark fixed-top">
    <button class="navbar-toggler navbar-toggler-right" type="button" data-toggle="collapse"
      data-target="#navbarsExampleDefault" aria-controls="navbarsExampleDefault" aria-expanded="false"
      aria-label="Toggle navigation">
      <span class="navbar-toggler-icon"></span>
    </button>
    <a class="navbar-brand" href="/fester">Fester</a>
    <div class="collapse navbar-collapse" id="navbarNavAltMarkup">
      <div class="navbar-nav">
        <a class="nav-item nav-link active" href="/fester/upload/csv">CSV Upload</a> <a class="nav-item nav-link active"
          href="/fester/docs">API Documentation</a>
      </div>
    </div>
  </nav>

  <div class="container-fluid">
    <h1 id="csv-upload-title">Error</h1>
    <p>Manifest generation failed: Bad Request</p>
  </div>

  <script src="https://ajax.googleapis.com/ajax/libs/jquery/3.4.1/jquery.min.js"></script>
  <script src="https://cdnjs.cloudflare.com/ajax/libs/popper.js/1.14.7/umd/popper.min.js"></script>
  <script src="https://maxcdn.bootstrapcdn.com/bootstrap/4.3.1/js/bootstrap.min.js"></script>
</body>

</html>

2020-06-09 11:52:29,977 - root - ERROR - --------------------------------------------
2020-06-09 11:52:30,207 - root - ERROR - Failed to upload 21198zz00292kfn_pages.csv: 500
2020-06-09 11:52:30,207 - root - ERROR - <!DOCTYPE html>

<html lang="en">

<head>

<title>Fester CSV Upload</title>

<meta charset="utf-8" />
<meta name="viewport" content="width=device-width, initial-scale=1, shrink-to-fit=no">

<link rel="stylesheet" href="/fester/css/bootstrap.min.css">
<link rel="stylesheet" href="/fester/css/fester-custom.css">
<link rel="stylesheet" href="/fester/css/fester-response.css">

</head>

<body>
  <nav class="navbar navbar-expand-md bg-custom-grey navbar-dark bg-dark fixed-top">
    <button class="navbar-toggler navbar-toggler-right" type="button" data-toggle="collapse"
      data-target="#navbarsExampleDefault" aria-controls="navbarsExampleDefault" aria-expanded="false"
      aria-label="Toggle navigation">
      <span class="navbar-toggler-icon"></span>
    </button>
    <a class="navbar-brand" href="/fester">Fester</a>
    <div class="collapse navbar-collapse" id="navbarNavAltMarkup">
      <div class="navbar-nav">
        <a class="nav-item nav-link active" href="/fester/upload/csv">CSV Upload</a> <a class="nav-item nav-link active"
          href="/fester/docs">API Documentation</a>
      </div>
    </div>
  </nav>

  <div class="container-fluid">
    <h1 id="csv-upload-title">Error</h1>
    <p>Manifest generation failed: Bad Request</p>
  </div>

  <script src="https://ajax.googleapis.com/ajax/libs/jquery/3.4.1/jquery.min.js"></script>
  <script src="https://cdnjs.cloudflare.com/ajax/libs/popper.js/1.14.7/umd/popper.min.js"></script>
  <script src="https://maxcdn.bootstrapcdn.com/bootstrap/4.3.1/js/bootstrap.min.js"></script>
</body>

</html>

2020-06-09 11:52:30,207 - root - ERROR - --------------------------------------------
2020-06-09 11:52:30,441 - root - ERROR - Failed to upload 21198zz00292km7_pages.csv: 500
2020-06-09 11:52:30,441 - root - ERROR - <!DOCTYPE html>

<html lang="en">

<head>

<title>Fester CSV Upload</title>

<meta charset="utf-8" />
<meta name="viewport" content="width=device-width, initial-scale=1, shrink-to-fit=no">

<link rel="stylesheet" href="/fester/css/bootstrap.min.css">
<link rel="stylesheet" href="/fester/css/fester-custom.css">
<link rel="stylesheet" href="/fester/css/fester-response.css">

</head>

<body>
  <nav class="navbar navbar-expand-md bg-custom-grey navbar-dark bg-dark fixed-top">
    <button class="navbar-toggler navbar-toggler-right" type="button" data-toggle="collapse"
      data-target="#navbarsExampleDefault" aria-controls="navbarsExampleDefault" aria-expanded="false"
      aria-label="Toggle navigation">
      <span class="navbar-toggler-icon"></span>
    </button>
    <a class="navbar-brand" href="/fester">Fester</a>
    <div class="collapse navbar-collapse" id="navbarNavAltMarkup">
      <div class="navbar-nav">
        <a class="nav-item nav-link active" href="/fester/upload/csv">CSV Upload</a> <a class="nav-item nav-link active"
          href="/fester/docs">API Documentation</a>
      </div>
    </div>
  </nav>

  <div class="container-fluid">
    <h1 id="csv-upload-title">Error</h1>
    <p>Manifest generation failed: Bad Request</p>
  </div>

  <script src="https://ajax.googleapis.com/ajax/libs/jquery/3.4.1/jquery.min.js"></script>
  <script src="https://cdnjs.cloudflare.com/ajax/libs/popper.js/1.14.7/umd/popper.min.js"></script>
  <script src="https://maxcdn.bootstrapcdn.com/bootstrap/4.3.1/js/bootstrap.min.js"></script>
</body>

</html>

2020-06-09 11:52:30,441 - root - ERROR - --------------------------------------------
2020-06-09 11:52:30,670 - root - ERROR - Failed to upload 21198zz00292kvv_pages.csv: 500
2020-06-09 11:52:30,670 - root - ERROR - <!DOCTYPE html>

<html lang="en">

<head>

<title>Fester CSV Upload</title>

<meta charset="utf-8" />
<meta name="viewport" content="width=device-width, initial-scale=1, shrink-to-fit=no">

<link rel="stylesheet" href="/fester/css/bootstrap.min.css">
<link rel="stylesheet" href="/fester/css/fester-custom.css">
<link rel="stylesheet" href="/fester/css/fester-response.css">

</head>

<body>
  <nav class="navbar navbar-expand-md bg-custom-grey navbar-dark bg-dark fixed-top">
    <button class="navbar-toggler navbar-toggler-right" type="button" data-toggle="collapse"
      data-target="#navbarsExampleDefault" aria-controls="navbarsExampleDefault" aria-expanded="false"
      aria-label="Toggle navigation">
      <span class="navbar-toggler-icon"></span>
    </button>
    <a class="navbar-brand" href="/fester">Fester</a>
    <div class="collapse navbar-collapse" id="navbarNavAltMarkup">
      <div class="navbar-nav">
        <a class="nav-item nav-link active" href="/fester/upload/csv">CSV Upload</a> <a class="nav-item nav-link active"
          href="/fester/docs">API Documentation</a>
      </div>
    </div>
  </nav>

  <div class="container-fluid">
    <h1 id="csv-upload-title">Error</h1>
    <p>Manifest generation failed: Bad Request</p>
  </div>

  <script src="https://ajax.googleapis.com/ajax/libs/jquery/3.4.1/jquery.min.js"></script>
  <script src="https://cdnjs.cloudflare.com/ajax/libs/popper.js/1.14.7/umd/popper.min.js"></script>
  <script src="https://maxcdn.bootstrapcdn.com/bootstrap/4.3.1/js/bootstrap.min.js"></script>
</body>

</html>

2020-06-09 11:52:30,670 - root - ERROR - --------------------------------------------
2020-06-09 11:52:30,898 - root - ERROR - Failed to upload 21198zz00292m2f_pages.csv: 500
2020-06-09 11:52:30,898 - root - ERROR - <!DOCTYPE html>

<html lang="en">

<head>

<title>Fester CSV Upload</title>

<meta charset="utf-8" />
<meta name="viewport" content="width=device-width, initial-scale=1, shrink-to-fit=no">

<link rel="stylesheet" href="/fester/css/bootstrap.min.css">
<link rel="stylesheet" href="/fester/css/fester-custom.css">
<link rel="stylesheet" href="/fester/css/fester-response.css">

</head>

<body>
  <nav class="navbar navbar-expand-md bg-custom-grey navbar-dark bg-dark fixed-top">
    <button class="navbar-toggler navbar-toggler-right" type="button" data-toggle="collapse"
      data-target="#navbarsExampleDefault" aria-controls="navbarsExampleDefault" aria-expanded="false"
      aria-label="Toggle navigation">
      <span class="navbar-toggler-icon"></span>
    </button>
    <a class="navbar-brand" href="/fester">Fester</a>
    <div class="collapse navbar-collapse" id="navbarNavAltMarkup">
      <div class="navbar-nav">
        <a class="nav-item nav-link active" href="/fester/upload/csv">CSV Upload</a> <a class="nav-item nav-link active"
          href="/fester/docs">API Documentation</a>
      </div>
    </div>
  </nav>

  <div class="container-fluid">
    <h1 id="csv-upload-title">Error</h1>
    <p>Manifest generation failed: Bad Request</p>
  </div>

  <script src="https://ajax.googleapis.com/ajax/libs/jquery/3.4.1/jquery.min.js"></script>
  <script src="https://cdnjs.cloudflare.com/ajax/libs/popper.js/1.14.7/umd/popper.min.js"></script>
  <script src="https://maxcdn.bootstrapcdn.com/bootstrap/4.3.1/js/bootstrap.min.js"></script>
</body>

</html>

2020-06-09 11:52:30,898 - root - ERROR - --------------------------------------------
2020-06-09 11:52:31,123 - root - ERROR - Failed to upload 21198zz00292p1w_pages.csv: 500
2020-06-09 11:52:31,124 - root - ERROR - <!DOCTYPE html>

<html lang="en">

<head>

<title>Fester CSV Upload</title>

<meta charset="utf-8" />
<meta name="viewport" content="width=device-width, initial-scale=1, shrink-to-fit=no">

<link rel="stylesheet" href="/fester/css/bootstrap.min.css">
<link rel="stylesheet" href="/fester/css/fester-custom.css">
<link rel="stylesheet" href="/fester/css/fester-response.css">

</head>

<body>
  <nav class="navbar navbar-expand-md bg-custom-grey navbar-dark bg-dark fixed-top">
    <button class="navbar-toggler navbar-toggler-right" type="button" data-toggle="collapse"
      data-target="#navbarsExampleDefault" aria-controls="navbarsExampleDefault" aria-expanded="false"
      aria-label="Toggle navigation">
      <span class="navbar-toggler-icon"></span>
    </button>
    <a class="navbar-brand" href="/fester">Fester</a>
    <div class="collapse navbar-collapse" id="navbarNavAltMarkup">
      <div class="navbar-nav">
        <a class="nav-item nav-link active" href="/fester/upload/csv">CSV Upload</a> <a class="nav-item nav-link active"
          href="/fester/docs">API Documentation</a>
      </div>
    </div>
  </nav>

  <div class="container-fluid">
    <h1 id="csv-upload-title">Error</h1>
    <p>Manifest generation failed: Bad Request</p>
  </div>

  <script src="https://ajax.googleapis.com/ajax/libs/jquery/3.4.1/jquery.min.js"></script>
  <script src="https://cdnjs.cloudflare.com/ajax/libs/popper.js/1.14.7/umd/popper.min.js"></script>
  <script src="https://maxcdn.bootstrapcdn.com/bootstrap/4.3.1/js/bootstrap.min.js"></script>
</body>

</html>

2020-06-09 11:52:31,124 - root - ERROR - --------------------------------------------
2020-06-09 11:52:31,359 - root - ERROR - Failed to upload 21198zz00292p8h_pages.csv: 500
2020-06-09 11:52:31,359 - root - ERROR - <!DOCTYPE html>

<html lang="en">

<head>

<title>Fester CSV Upload</title>

<meta charset="utf-8" />
<meta name="viewport" content="width=device-width, initial-scale=1, shrink-to-fit=no">

<link rel="stylesheet" href="/fester/css/bootstrap.min.css">
<link rel="stylesheet" href="/fester/css/fester-custom.css">
<link rel="stylesheet" href="/fester/css/fester-response.css">

</head>

<body>
  <nav class="navbar navbar-expand-md bg-custom-grey navbar-dark bg-dark fixed-top">
    <button class="navbar-toggler navbar-toggler-right" type="button" data-toggle="collapse"
      data-target="#navbarsExampleDefault" aria-controls="navbarsExampleDefault" aria-expanded="false"
      aria-label="Toggle navigation">
      <span class="navbar-toggler-icon"></span>
    </button>
    <a class="navbar-brand" href="/fester">Fester</a>
    <div class="collapse navbar-collapse" id="navbarNavAltMarkup">
      <div class="navbar-nav">
        <a class="nav-item nav-link active" href="/fester/upload/csv">CSV Upload</a> <a class="nav-item nav-link active"
          href="/fester/docs">API Documentation</a>
      </div>
    </div>
  </nav>

  <div class="container-fluid">
    <h1 id="csv-upload-title">Error</h1>
    <p>Manifest generation failed: Bad Request</p>
  </div>

  <script src="https://ajax.googleapis.com/ajax/libs/jquery/3.4.1/jquery.min.js"></script>
  <script src="https://cdnjs.cloudflare.com/ajax/libs/popper.js/1.14.7/umd/popper.min.js"></script>
  <script src="https://maxcdn.bootstrapcdn.com/bootstrap/4.3.1/js/bootstrap.min.js"></script>
</body>

</html>

2020-06-09 11:52:31,359 - root - ERROR - --------------------------------------------
2020-06-09 11:52:31,620 - root - ERROR - Failed to upload 21198zz00292pf3_pages.csv: 500
2020-06-09 11:52:31,620 - root - ERROR - <!DOCTYPE html>

<html lang="en">

<head>

<title>Fester CSV Upload</title>

<meta charset="utf-8" />
<meta name="viewport" content="width=device-width, initial-scale=1, shrink-to-fit=no">

<link rel="stylesheet" href="/fester/css/bootstrap.min.css">
<link rel="stylesheet" href="/fester/css/fester-custom.css">
<link rel="stylesheet" href="/fester/css/fester-response.css">

</head>

<body>
  <nav class="navbar navbar-expand-md bg-custom-grey navbar-dark bg-dark fixed-top">
    <button class="navbar-toggler navbar-toggler-right" type="button" data-toggle="collapse"
      data-target="#navbarsExampleDefault" aria-controls="navbarsExampleDefault" aria-expanded="false"
      aria-label="Toggle navigation">
      <span class="navbar-toggler-icon"></span>
    </button>
    <a class="navbar-brand" href="/fester">Fester</a>
    <div class="collapse navbar-collapse" id="navbarNavAltMarkup">
      <div class="navbar-nav">
        <a class="nav-item nav-link active" href="/fester/upload/csv">CSV Upload</a> <a class="nav-item nav-link active"
          href="/fester/docs">API Documentation</a>
      </div>
    </div>
  </nav>

  <div class="container-fluid">
    <h1 id="csv-upload-title">Error</h1>
    <p>Manifest generation failed: Bad Request</p>
  </div>

  <script src="https://ajax.googleapis.com/ajax/libs/jquery/3.4.1/jquery.min.js"></script>
  <script src="https://cdnjs.cloudflare.com/ajax/libs/popper.js/1.14.7/umd/popper.min.js"></script>
  <script src="https://maxcdn.bootstrapcdn.com/bootstrap/4.3.1/js/bootstrap.min.js"></script>
</body>

</html>

2020-06-09 11:52:31,620 - root - ERROR - --------------------------------------------
2020-06-09 11:52:31,844 - root - ERROR - Failed to upload 21198zz00292pmp_pages.csv: 500
2020-06-09 11:52:31,844 - root - ERROR - <!DOCTYPE html>

<html lang="en">

<head>

<title>Fester CSV Upload</title>

<meta charset="utf-8" />
<meta name="viewport" content="width=device-width, initial-scale=1, shrink-to-fit=no">

<link rel="stylesheet" href="/fester/css/bootstrap.min.css">
<link rel="stylesheet" href="/fester/css/fester-custom.css">
<link rel="stylesheet" href="/fester/css/fester-response.css">

</head>

<body>
  <nav class="navbar navbar-expand-md bg-custom-grey navbar-dark bg-dark fixed-top">
    <button class="navbar-toggler navbar-toggler-right" type="button" data-toggle="collapse"
      data-target="#navbarsExampleDefault" aria-controls="navbarsExampleDefault" aria-expanded="false"
      aria-label="Toggle navigation">
      <span class="navbar-toggler-icon"></span>
    </button>
    <a class="navbar-brand" href="/fester">Fester</a>
    <div class="collapse navbar-collapse" id="navbarNavAltMarkup">
      <div class="navbar-nav">
        <a class="nav-item nav-link active" href="/fester/upload/csv">CSV Upload</a> <a class="nav-item nav-link active"
          href="/fester/docs">API Documentation</a>
      </div>
    </div>
  </nav>

  <div class="container-fluid">
    <h1 id="csv-upload-title">Error</h1>
    <p>Manifest generation failed: Bad Request</p>
  </div>

  <script src="https://ajax.googleapis.com/ajax/libs/jquery/3.4.1/jquery.min.js"></script>
  <script src="https://cdnjs.cloudflare.com/ajax/libs/popper.js/1.14.7/umd/popper.min.js"></script>
  <script src="https://maxcdn.bootstrapcdn.com/bootstrap/4.3.1/js/bootstrap.min.js"></script>
</body>

</html>

2020-06-09 11:52:31,844 - root - ERROR - --------------------------------------------
2020-06-09 11:52:32,071 - root - ERROR - Failed to upload 21198zz00292ps8_pages.csv: 500
2020-06-09 11:52:32,071 - root - ERROR - <!DOCTYPE html>

<html lang="en">

<head>

<title>Fester CSV Upload</title>

<meta charset="utf-8" />
<meta name="viewport" content="width=device-width, initial-scale=1, shrink-to-fit=no">

<link rel="stylesheet" href="/fester/css/bootstrap.min.css">
<link rel="stylesheet" href="/fester/css/fester-custom.css">
<link rel="stylesheet" href="/fester/css/fester-response.css">

</head>

<body>
  <nav class="navbar navbar-expand-md bg-custom-grey navbar-dark bg-dark fixed-top">
    <button class="navbar-toggler navbar-toggler-right" type="button" data-toggle="collapse"
      data-target="#navbarsExampleDefault" aria-controls="navbarsExampleDefault" aria-expanded="false"
      aria-label="Toggle navigation">
      <span class="navbar-toggler-icon"></span>
    </button>
    <a class="navbar-brand" href="/fester">Fester</a>
    <div class="collapse navbar-collapse" id="navbarNavAltMarkup">
      <div class="navbar-nav">
        <a class="nav-item nav-link active" href="/fester/upload/csv">CSV Upload</a> <a class="nav-item nav-link active"
          href="/fester/docs">API Documentation</a>
      </div>
    </div>
  </nav>

  <div class="container-fluid">
    <h1 id="csv-upload-title">Error</h1>
    <p>Manifest generation failed: Bad Request</p>
  </div>

  <script src="https://ajax.googleapis.com/ajax/libs/jquery/3.4.1/jquery.min.js"></script>
  <script src="https://cdnjs.cloudflare.com/ajax/libs/popper.js/1.14.7/umd/popper.min.js"></script>
  <script src="https://maxcdn.bootstrapcdn.com/bootstrap/4.3.1/js/bootstrap.min.js"></script>
</body>

</html>

2020-06-09 11:52:32,071 - root - ERROR - --------------------------------------------
2020-06-09 11:52:32,297 - root - ERROR - Failed to upload 21198zz00292q0v_pages.csv: 500
2020-06-09 11:52:32,298 - root - ERROR - <!DOCTYPE html>

<html lang="en">

<head>

<title>Fester CSV Upload</title>

<meta charset="utf-8" />
<meta name="viewport" content="width=device-width, initial-scale=1, shrink-to-fit=no">

<link rel="stylesheet" href="/fester/css/bootstrap.min.css">
<link rel="stylesheet" href="/fester/css/fester-custom.css">
<link rel="stylesheet" href="/fester/css/fester-response.css">

</head>

<body>
  <nav class="navbar navbar-expand-md bg-custom-grey navbar-dark bg-dark fixed-top">
    <button class="navbar-toggler navbar-toggler-right" type="button" data-toggle="collapse"
      data-target="#navbarsExampleDefault" aria-controls="navbarsExampleDefault" aria-expanded="false"
      aria-label="Toggle navigation">
      <span class="navbar-toggler-icon"></span>
    </button>
    <a class="navbar-brand" href="/fester">Fester</a>
    <div class="collapse navbar-collapse" id="navbarNavAltMarkup">
      <div class="navbar-nav">
        <a class="nav-item nav-link active" href="/fester/upload/csv">CSV Upload</a> <a class="nav-item nav-link active"
          href="/fester/docs">API Documentation</a>
      </div>
    </div>
  </nav>

  <div class="container-fluid">
    <h1 id="csv-upload-title">Error</h1>
    <p>Manifest generation failed: Bad Request</p>
  </div>

  <script src="https://ajax.googleapis.com/ajax/libs/jquery/3.4.1/jquery.min.js"></script>
  <script src="https://cdnjs.cloudflare.com/ajax/libs/popper.js/1.14.7/umd/popper.min.js"></script>
  <script src="https://maxcdn.bootstrapcdn.com/bootstrap/4.3.1/js/bootstrap.min.js"></script>
</body>

</html>

2020-06-09 11:52:32,298 - root - ERROR - --------------------------------------------
2020-06-09 11:52:32,539 - root - ERROR - Failed to upload 21198zz00292q5f_pages.csv: 500
2020-06-09 11:52:32,540 - root - ERROR - <!DOCTYPE html>

<html lang="en">

<head>

<title>Fester CSV Upload</title>

<meta charset="utf-8" />
<meta name="viewport" content="width=device-width, initial-scale=1, shrink-to-fit=no">

<link rel="stylesheet" href="/fester/css/bootstrap.min.css">
<link rel="stylesheet" href="/fester/css/fester-custom.css">
<link rel="stylesheet" href="/fester/css/fester-response.css">

</head>

<body>
  <nav class="navbar navbar-expand-md bg-custom-grey navbar-dark bg-dark fixed-top">
    <button class="navbar-toggler navbar-toggler-right" type="button" data-toggle="collapse"
      data-target="#navbarsExampleDefault" aria-controls="navbarsExampleDefault" aria-expanded="false"
      aria-label="Toggle navigation">
      <span class="navbar-toggler-icon"></span>
    </button>
    <a class="navbar-brand" href="/fester">Fester</a>
    <div class="collapse navbar-collapse" id="navbarNavAltMarkup">
      <div class="navbar-nav">
        <a class="nav-item nav-link active" href="/fester/upload/csv">CSV Upload</a> <a class="nav-item nav-link active"
          href="/fester/docs">API Documentation</a>
      </div>
    </div>
  </nav>

  <div class="container-fluid">
    <h1 id="csv-upload-title">Error</h1>
    <p>Manifest generation failed: Bad Request</p>
  </div>

  <script src="https://ajax.googleapis.com/ajax/libs/jquery/3.4.1/jquery.min.js"></script>
  <script src="https://cdnjs.cloudflare.com/ajax/libs/popper.js/1.14.7/umd/popper.min.js"></script>
  <script src="https://maxcdn.bootstrapcdn.com/bootstrap/4.3.1/js/bootstrap.min.js"></script>
</body>

</html>

2020-06-09 11:52:32,540 - root - ERROR - --------------------------------------------
2020-06-09 11:52:32,792 - root - ERROR - Failed to upload 21198zz00292qb1_pages.csv: 500
2020-06-09 11:52:32,792 - root - ERROR - <!DOCTYPE html>

<html lang="en">

<head>

<title>Fester CSV Upload</title>

<meta charset="utf-8" />
<meta name="viewport" content="width=device-width, initial-scale=1, shrink-to-fit=no">

<link rel="stylesheet" href="/fester/css/bootstrap.min.css">
<link rel="stylesheet" href="/fester/css/fester-custom.css">
<link rel="stylesheet" href="/fester/css/fester-response.css">

</head>

<body>
  <nav class="navbar navbar-expand-md bg-custom-grey navbar-dark bg-dark fixed-top">
    <button class="navbar-toggler navbar-toggler-right" type="button" data-toggle="collapse"
      data-target="#navbarsExampleDefault" aria-controls="navbarsExampleDefault" aria-expanded="false"
      aria-label="Toggle navigation">
      <span class="navbar-toggler-icon"></span>
    </button>
    <a class="navbar-brand" href="/fester">Fester</a>
    <div class="collapse navbar-collapse" id="navbarNavAltMarkup">
      <div class="navbar-nav">
        <a class="nav-item nav-link active" href="/fester/upload/csv">CSV Upload</a> <a class="nav-item nav-link active"
          href="/fester/docs">API Documentation</a>
      </div>
    </div>
  </nav>

  <div class="container-fluid">
    <h1 id="csv-upload-title">Error</h1>
    <p>Manifest generation failed: Bad Request</p>
  </div>

  <script src="https://ajax.googleapis.com/ajax/libs/jquery/3.4.1/jquery.min.js"></script>
  <script src="https://cdnjs.cloudflare.com/ajax/libs/popper.js/1.14.7/umd/popper.min.js"></script>
  <script src="https://maxcdn.bootstrapcdn.com/bootstrap/4.3.1/js/bootstrap.min.js"></script>
</body>

</html>

2020-06-09 11:52:32,792 - root - ERROR - --------------------------------------------
2020-06-09 11:52:33,038 - root - ERROR - Failed to upload 21198zz00292qhm_pages.csv: 500
2020-06-09 11:52:33,038 - root - ERROR - <!DOCTYPE html>

<html lang="en">

<head>

<title>Fester CSV Upload</title>

<meta charset="utf-8" />
<meta name="viewport" content="width=device-width, initial-scale=1, shrink-to-fit=no">

<link rel="stylesheet" href="/fester/css/bootstrap.min.css">
<link rel="stylesheet" href="/fester/css/fester-custom.css">
<link rel="stylesheet" href="/fester/css/fester-response.css">

</head>

<body>
  <nav class="navbar navbar-expand-md bg-custom-grey navbar-dark bg-dark fixed-top">
    <button class="navbar-toggler navbar-toggler-right" type="button" data-toggle="collapse"
      data-target="#navbarsExampleDefault" aria-controls="navbarsExampleDefault" aria-expanded="false"
      aria-label="Toggle navigation">
      <span class="navbar-toggler-icon"></span>
    </button>
    <a class="navbar-brand" href="/fester">Fester</a>
    <div class="collapse navbar-collapse" id="navbarNavAltMarkup">
      <div class="navbar-nav">
        <a class="nav-item nav-link active" href="/fester/upload/csv">CSV Upload</a> <a class="nav-item nav-link active"
          href="/fester/docs">API Documentation</a>
      </div>
    </div>
  </nav>

  <div class="container-fluid">
    <h1 id="csv-upload-title">Error</h1>
    <p>Manifest generation failed: Bad Request</p>
  </div>

  <script src="https://ajax.googleapis.com/ajax/libs/jquery/3.4.1/jquery.min.js"></script>
  <script src="https://cdnjs.cloudflare.com/ajax/libs/popper.js/1.14.7/umd/popper.min.js"></script>
  <script src="https://maxcdn.bootstrapcdn.com/bootstrap/4.3.1/js/bootstrap.min.js"></script>
</body>

</html>

2020-06-09 11:52:33,038 - root - ERROR - --------------------------------------------
2020-06-09 11:52:33,038 - root - INFO - DONE at 2020-06-09 11:52:33.
