2020-11-04 13:45:58,005 - root - INFO - STARTING at 2020-11-04 13:45:58...
2020-11-04 13:45:58,500 - root - ERROR - Failed to upload 21198zz00293frt_pages.csv: Manifest generation failed: CSV didn't contain collections, works, or pages (HTTP 400)
2020-11-04 13:45:58,500 - root - ERROR - --------------------------------------------
2020-11-04 13:45:58,709 - root - ERROR - Failed to upload 21198zz00294kr6_pages.csv: Manifest generation failed: CSV didn't contain collections, works, or pages (HTTP 400)
2020-11-04 13:45:58,709 - root - ERROR - --------------------------------------------
2020-11-04 13:45:58,930 - root - ERROR - Failed to upload 21198zz00294kz9_pages.csv: Manifest generation failed: CSV didn't contain collections, works, or pages (HTTP 400)
2020-11-04 13:45:58,930 - root - ERROR - --------------------------------------------
2020-11-04 13:45:59,153 - root - ERROR - Failed to upload 21198zz00294m1t_pages.csv: Manifest generation failed: CSV didn't contain collections, works, or pages (HTTP 400)
2020-11-04 13:45:59,153 - root - ERROR - --------------------------------------------
2020-11-04 13:45:59,382 - root - ERROR - Failed to upload 21198zz00294nt6_pages.csv: Manifest generation failed: CSV didn't contain collections, works, or pages (HTTP 400)
2020-11-04 13:45:59,382 - root - ERROR - --------------------------------------------
2020-11-04 13:45:59,601 - root - ERROR - Failed to upload 21198zz00297jcc_pages.csv: Manifest generation failed: CSV didn't contain collections, works, or pages (HTTP 400)
2020-11-04 13:45:59,602 - root - ERROR - --------------------------------------------
2020-11-04 13:45:59,831 - root - ERROR - Failed to upload 21198zz00297jfd_pages.csv: Manifest generation failed: CSV didn't contain collections, works, or pages (HTTP 400)
2020-11-04 13:45:59,831 - root - ERROR - --------------------------------------------
2020-11-04 13:46:00,045 - root - ERROR - Failed to upload 21198zz00297jgx_pages.csv: Manifest generation failed: CSV didn't contain collections, works, or pages (HTTP 400)
2020-11-04 13:46:00,045 - root - ERROR - --------------------------------------------
2020-11-04 13:46:00,269 - root - ERROR - Failed to upload 21198zz00297jp1_pages.csv: Manifest generation failed: CSV didn't contain collections, works, or pages (HTTP 400)
2020-11-04 13:46:00,269 - root - ERROR - --------------------------------------------
2020-11-04 13:46:00,490 - root - ERROR - Failed to upload 21198zz00297jqj_pages.csv: Manifest generation failed: CSV didn't contain collections, works, or pages (HTTP 400)
2020-11-04 13:46:00,490 - root - ERROR - --------------------------------------------
2020-11-04 13:46:00,709 - root - ERROR - Failed to upload 21198zz00297jr2_pages.csv: Manifest generation failed: CSV didn't contain collections, works, or pages (HTTP 400)
2020-11-04 13:46:00,709 - root - ERROR - --------------------------------------------
2020-11-04 13:46:00,922 - root - ERROR - Failed to upload 21198zz00297pnf_pages.csv: Manifest generation failed: CSV didn't contain collections, works, or pages (HTTP 400)
2020-11-04 13:46:00,922 - root - ERROR - --------------------------------------------
2020-11-04 13:46:01,146 - root - ERROR - Failed to upload 21198zz00297pvj_pages.csv: Manifest generation failed: CSV didn't contain collections, works, or pages (HTTP 400)
2020-11-04 13:46:01,146 - root - ERROR - --------------------------------------------
2020-11-04 13:46:01,369 - root - ERROR - Failed to upload 21198zz002b0fbp_pages.csv: Manifest generation failed: CSV didn't contain collections, works, or pages (HTTP 400)
2020-11-04 13:46:01,369 - root - ERROR - --------------------------------------------
2020-11-04 13:46:01,605 - root - ERROR - Failed to upload 21198zz002b0ff7_pages.csv: Manifest generation failed: CSV didn't contain collections, works, or pages (HTTP 400)
2020-11-04 13:46:01,606 - root - ERROR - --------------------------------------------
2020-11-04 13:46:01,813 - root - ERROR - Failed to upload 21198zz002b0fh8_pages.csv: Manifest generation failed: CSV didn't contain collections, works, or pages (HTTP 400)
2020-11-04 13:46:01,813 - root - ERROR - --------------------------------------------
2020-11-04 13:46:02,032 - root - ERROR - Failed to upload 21198zz002b0fjs_pages.csv: Manifest generation failed: CSV didn't contain collections, works, or pages (HTTP 400)
2020-11-04 13:46:02,032 - root - ERROR - --------------------------------------------
2020-11-04 13:46:02,245 - root - ERROR - Failed to upload 21198zz002b0hrv_pages.csv: Manifest generation failed: CSV didn't contain collections, works, or pages (HTTP 400)
2020-11-04 13:46:02,245 - root - ERROR - --------------------------------------------
2020-11-04 13:46:02,458 - root - ERROR - Failed to upload 21198zz002b0j1g_pages.csv: Manifest generation failed: CSV didn't contain collections, works, or pages (HTTP 400)
2020-11-04 13:46:02,458 - root - ERROR - --------------------------------------------
2020-11-04 13:46:02,692 - root - ERROR - Failed to upload 21198zz002b0j41_pages.csv: Manifest generation failed: CSV didn't contain collections, works, or pages (HTTP 400)
2020-11-04 13:46:02,692 - root - ERROR - --------------------------------------------
2020-11-04 13:46:02,908 - root - ERROR - Failed to upload 21198zz002b0jhq_pages.csv: Manifest generation failed: CSV didn't contain collections, works, or pages (HTTP 400)
2020-11-04 13:46:02,908 - root - ERROR - --------------------------------------------
2020-11-04 13:46:03,135 - root - ERROR - Failed to upload 21198zz002b0mwc_pages.csv: Manifest generation failed: CSV didn't contain collections, works, or pages (HTTP 400)
2020-11-04 13:46:03,135 - root - ERROR - --------------------------------------------
2020-11-04 13:46:03,355 - root - ERROR - Failed to upload 21198zz002b0mxw_pages.csv: Manifest generation failed: CSV didn't contain collections, works, or pages (HTTP 400)
2020-11-04 13:46:03,355 - root - ERROR - --------------------------------------------
2020-11-04 13:46:03,589 - root - ERROR - Failed to upload 21198zz002b0mzd_pages.csv: Manifest generation failed: CSV didn't contain collections, works, or pages (HTTP 400)
2020-11-04 13:46:03,589 - root - ERROR - --------------------------------------------
2020-11-04 13:46:03,803 - root - ERROR - Failed to upload 21198zz002b10vm_pages.csv: Manifest generation failed: CSV didn't contain collections, works, or pages (HTTP 400)
2020-11-04 13:46:03,803 - root - ERROR - --------------------------------------------
2020-11-04 13:46:04,033 - root - ERROR - Failed to upload 21198zz002b122p_pages.csv: Manifest generation failed: CSV didn't contain collections, works, or pages (HTTP 400)
2020-11-04 13:46:04,034 - root - ERROR - --------------------------------------------
2020-11-04 13:46:04,243 - root - ERROR - Failed to upload 21198zz002b124q_pages.csv: Manifest generation failed: CSV didn't contain collections, works, or pages (HTTP 400)
2020-11-04 13:46:04,243 - root - ERROR - --------------------------------------------
2020-11-04 13:46:04,451 - root - ERROR - Failed to upload 21198zz002b12mz_pages.csv: Manifest generation failed: CSV didn't contain collections, works, or pages (HTTP 400)
2020-11-04 13:46:04,451 - root - ERROR - --------------------------------------------
2020-11-04 13:46:04,665 - root - ERROR - Failed to upload 21198zz002b1456_pages.csv: Manifest generation failed: CSV didn't contain collections, works, or pages (HTTP 400)
2020-11-04 13:46:04,665 - root - ERROR - --------------------------------------------
2020-11-04 13:46:04,884 - root - ERROR - Failed to upload 21198zz002b148r_pages.csv: Manifest generation failed: CSV didn't contain collections, works, or pages (HTTP 400)
2020-11-04 13:46:04,884 - root - ERROR - --------------------------------------------
2020-11-04 13:46:05,104 - root - ERROR - Failed to upload 21198zz002b14jw_pages.csv: Manifest generation failed: CSV didn't contain collections, works, or pages (HTTP 400)
2020-11-04 13:46:05,104 - root - ERROR - --------------------------------------------
2020-11-04 13:46:05,319 - root - ERROR - Failed to upload 21198zz002b1g51_pages.csv: Manifest generation failed: CSV didn't contain collections, works, or pages (HTTP 400)
2020-11-04 13:46:05,319 - root - ERROR - --------------------------------------------
2020-11-04 13:46:05,528 - root - ERROR - Failed to upload 21198zz002b1g6j_pages.csv: Manifest generation failed: CSV didn't contain collections, works, or pages (HTTP 400)
2020-11-04 13:46:05,529 - root - ERROR - --------------------------------------------
2020-11-04 13:46:05,749 - root - ERROR - Failed to upload 21198zz002b1g72_pages.csv: Manifest generation failed: CSV didn't contain collections, works, or pages (HTTP 400)
2020-11-04 13:46:05,749 - root - ERROR - --------------------------------------------
2020-11-04 13:46:05,968 - root - ERROR - Failed to upload 21198zz002b1g93_pages.csv: Manifest generation failed: CSV didn't contain collections, works, or pages (HTTP 400)
2020-11-04 13:46:05,968 - root - ERROR - --------------------------------------------
2020-11-04 13:46:06,537 - root - ERROR - Failed to upload 21198zz002b1p7z_pages.csv: Manifest generation failed: CSV didn't contain collections, works, or pages (HTTP 400)
2020-11-04 13:46:06,537 - root - ERROR - --------------------------------------------
2020-11-04 13:46:07,100 - root - ERROR - Failed to upload 21198zz002b1p8g_pages.csv: Manifest generation failed: CSV didn't contain collections, works, or pages (HTTP 400)
2020-11-04 13:46:07,100 - root - ERROR - --------------------------------------------
2020-11-04 13:46:07,792 - root - ERROR - Failed to upload 21198zz002b1pf2_pages.csv: Manifest generation failed: CSV didn't contain collections, works, or pages (HTTP 400)
2020-11-04 13:46:07,793 - root - ERROR - --------------------------------------------
2020-11-04 13:46:08,513 - root - ERROR - Failed to upload 21198zz002b1ph3_pages.csv: Manifest generation failed: CSV didn't contain collections, works, or pages (HTTP 400)
2020-11-04 13:46:08,513 - root - ERROR - --------------------------------------------
2020-11-04 13:46:09,214 - root - ERROR - Failed to upload 21198zz002b1pjm_pages.csv: Manifest generation failed: CSV didn't contain collections, works, or pages (HTTP 400)
2020-11-04 13:46:09,214 - root - ERROR - --------------------------------------------
2020-11-04 13:46:09,908 - root - ERROR - Failed to upload 21198zz002b1pk4_pages.csv: Manifest generation failed: CSV didn't contain collections, works, or pages (HTTP 400)
2020-11-04 13:46:09,908 - root - ERROR - --------------------------------------------
2020-11-04 13:46:10,243 - root - ERROR - Failed to upload 21198zz002b1qfj_pages.csv: Manifest generation failed: CSV didn't contain collections, works, or pages (HTTP 400)
2020-11-04 13:46:10,243 - root - ERROR - --------------------------------------------
2020-11-04 13:46:10,458 - root - ERROR - Failed to upload 21198zz002b1qg2_pages.csv: Manifest generation failed: CSV didn't contain collections, works, or pages (HTTP 400)
2020-11-04 13:46:10,458 - root - ERROR - --------------------------------------------
2020-11-04 13:46:10,657 - root - ERROR - Failed to upload 21198zz002b2zxm_pages.csv: Manifest generation failed: CSV didn't contain collections, works, or pages (HTTP 400)
2020-11-04 13:46:10,657 - root - ERROR - --------------------------------------------
2020-11-04 13:46:10,863 - root - ERROR - Failed to upload 21198zz002b8w8h_pages.csv: Manifest generation failed: CSV didn't contain collections, works, or pages (HTTP 400)
2020-11-04 13:46:10,863 - root - ERROR - --------------------------------------------
2020-11-04 13:46:11,083 - root - ERROR - Failed to upload 21198zz002b8wc2_pages.csv: Manifest generation failed: CSV didn't contain collections, works, or pages (HTTP 400)
2020-11-04 13:46:11,083 - root - ERROR - --------------------------------------------
2020-11-04 13:46:11,304 - root - ERROR - Failed to upload 21198zz002b8wf3_pages.csv: Manifest generation failed: CSV didn't contain collections, works, or pages (HTTP 400)
2020-11-04 13:46:11,304 - root - ERROR - --------------------------------------------
2020-11-04 13:46:11,517 - root - ERROR - Failed to upload 21198zz002b93z6_pages.csv: Manifest generation failed: CSV didn't contain collections, works, or pages (HTTP 400)
2020-11-04 13:46:11,517 - root - ERROR - --------------------------------------------
2020-11-04 13:46:11,738 - root - ERROR - Failed to upload 21198zz002b941q_pages.csv: Manifest generation failed: CSV didn't contain collections, works, or pages (HTTP 400)
2020-11-04 13:46:11,738 - root - ERROR - --------------------------------------------
2020-11-04 13:46:11,959 - root - ERROR - Failed to upload 21198zz002b9427_pages.csv: Manifest generation failed: CSV didn't contain collections, works, or pages (HTTP 400)
2020-11-04 13:46:11,959 - root - ERROR - --------------------------------------------
2020-11-04 13:46:12,177 - root - ERROR - Failed to upload 21198zz002b943r_pages.csv: Manifest generation failed: CSV didn't contain collections, works, or pages (HTTP 400)
2020-11-04 13:46:12,178 - root - ERROR - --------------------------------------------
2020-11-04 13:46:12,412 - root - ERROR - Failed to upload 21198zz002b9spq_pages.csv: Manifest generation failed: CSV didn't contain collections, works, or pages (HTTP 400)
2020-11-04 13:46:12,412 - root - ERROR - --------------------------------------------
2020-11-04 13:46:12,628 - root - ERROR - Failed to upload 21198zz002b9sq7_pages.csv: Manifest generation failed: CSV didn't contain collections, works, or pages (HTTP 400)
2020-11-04 13:46:12,629 - root - ERROR - --------------------------------------------
2020-11-04 13:46:12,836 - root - ERROR - Failed to upload 21198zz002b9ss8_pages.csv: Manifest generation failed: CSV didn't contain collections, works, or pages (HTTP 400)
2020-11-04 13:46:12,837 - root - ERROR - --------------------------------------------
2020-11-04 13:46:13,049 - root - ERROR - Failed to upload 21198zz002bbh83_pages.csv: Manifest generation failed: CSV didn't contain collections, works, or pages (HTTP 400)
2020-11-04 13:46:13,049 - root - ERROR - --------------------------------------------
2020-11-04 13:46:13,259 - root - ERROR - Failed to upload 21198zz002bbh9m_pages.csv: Manifest generation failed: CSV didn't contain collections, works, or pages (HTTP 400)
2020-11-04 13:46:13,259 - root - ERROR - --------------------------------------------
2020-11-04 13:46:13,470 - root - ERROR - Failed to upload 21198zz002bbhb4_pages.csv: Manifest generation failed: CSV didn't contain collections, works, or pages (HTTP 400)
2020-11-04 13:46:13,470 - root - ERROR - --------------------------------------------
2020-11-04 13:46:13,697 - root - ERROR - Failed to upload 21198zz002bbhcn_pages.csv: Manifest generation failed: CSV didn't contain collections, works, or pages (HTTP 400)
2020-11-04 13:46:13,697 - root - ERROR - --------------------------------------------
2020-11-04 13:46:13,919 - root - ERROR - Failed to upload 21198zz002bbwrn_pages.csv: Manifest generation failed: CSV didn't contain collections, works, or pages (HTTP 400)
2020-11-04 13:46:13,919 - root - ERROR - --------------------------------------------
2020-11-04 13:46:14,133 - root - ERROR - Failed to upload 21198zz002bbws5_pages.csv: Manifest generation failed: CSV didn't contain collections, works, or pages (HTTP 400)
2020-11-04 13:46:14,133 - root - ERROR - --------------------------------------------
2020-11-04 13:46:14,342 - root - ERROR - Failed to upload 21198zz002bbwwq_pages.csv: Manifest generation failed: CSV didn't contain collections, works, or pages (HTTP 400)
2020-11-04 13:46:14,342 - root - ERROR - --------------------------------------------
2020-11-04 13:46:14,567 - root - ERROR - Failed to upload 21198zz002bc4qz_pages.csv: Manifest generation failed: CSV didn't contain collections, works, or pages (HTTP 400)
2020-11-04 13:46:14,568 - root - ERROR - --------------------------------------------
2020-11-04 13:46:14,790 - root - ERROR - Failed to upload 21198zz002bcvmj_pages.csv: Manifest generation failed: CSV didn't contain collections, works, or pages (HTTP 400)
2020-11-04 13:46:14,790 - root - ERROR - --------------------------------------------
2020-11-04 13:46:15,008 - root - ERROR - Failed to upload 21198zz002bcvq3_pages.csv: Manifest generation failed: CSV didn't contain collections, works, or pages (HTTP 400)
2020-11-04 13:46:15,008 - root - ERROR - --------------------------------------------
2020-11-04 13:46:15,228 - root - ERROR - Failed to upload 21198zz002bfk29_pages.csv: Manifest generation failed: CSV didn't contain collections, works, or pages (HTTP 400)
2020-11-04 13:46:15,228 - root - ERROR - --------------------------------------------
2020-11-04 13:46:15,446 - root - ERROR - Failed to upload 21198zz002bfk3t_pages.csv: Manifest generation failed: CSV didn't contain collections, works, or pages (HTTP 400)
2020-11-04 13:46:15,446 - root - ERROR - --------------------------------------------
2020-11-04 13:46:15,663 - root - ERROR - Failed to upload 21198zz002bfk4b_pages.csv: Manifest generation failed: CSV didn't contain collections, works, or pages (HTTP 400)
2020-11-04 13:46:15,663 - root - ERROR - --------------------------------------------
2020-11-04 13:46:15,874 - root - ERROR - Failed to upload 21198zz002bfkv6_pages.csv: Manifest generation failed: CSV didn't contain collections, works, or pages (HTTP 400)
2020-11-04 13:46:15,875 - root - ERROR - --------------------------------------------
2020-11-04 13:46:16,091 - root - ERROR - Failed to upload 21198zz002bfkzr_pages.csv: Manifest generation failed: CSV didn't contain collections, works, or pages (HTTP 400)
2020-11-04 13:46:16,091 - root - ERROR - --------------------------------------------
2020-11-04 13:46:16,313 - root - ERROR - Failed to upload 21198zz002bfm0r_pages.csv: Manifest generation failed: CSV didn't contain collections, works, or pages (HTTP 400)
2020-11-04 13:46:16,313 - root - ERROR - --------------------------------------------
2020-11-04 13:46:16,524 - root - ERROR - Failed to upload 21198zz002bfqhz_pages.csv: Manifest generation failed: CSV didn't contain collections, works, or pages (HTTP 400)
2020-11-04 13:46:16,524 - root - ERROR - --------------------------------------------
2020-11-04 13:46:16,732 - root - ERROR - Failed to upload 21198zz002bfrdw_pages.csv: Manifest generation failed: CSV didn't contain collections, works, or pages (HTTP 400)
2020-11-04 13:46:16,732 - root - ERROR - --------------------------------------------
2020-11-04 13:46:16,951 - root - ERROR - Failed to upload 21198zz002bfrfd_pages.csv: Manifest generation failed: CSV didn't contain collections, works, or pages (HTTP 400)
2020-11-04 13:46:16,951 - root - ERROR - --------------------------------------------
2020-11-04 13:46:17,164 - root - ERROR - Failed to upload 21198zz002bfrgx_pages.csv: Manifest generation failed: CSV didn't contain collections, works, or pages (HTTP 400)
2020-11-04 13:46:17,164 - root - ERROR - --------------------------------------------
2020-11-04 13:46:17,372 - root - ERROR - Failed to upload 21198zz002bfshx_pages.csv: Manifest generation failed: CSV didn't contain collections, works, or pages (HTTP 400)
2020-11-04 13:46:17,372 - root - ERROR - --------------------------------------------
2020-11-04 13:46:17,596 - root - ERROR - Failed to upload 21198zz002bfsjf_pages.csv: Manifest generation failed: CSV didn't contain collections, works, or pages (HTTP 400)
2020-11-04 13:46:17,596 - root - ERROR - --------------------------------------------
2020-11-04 13:46:17,814 - root - ERROR - Failed to upload 21198zz002c12g9_pages.csv: Manifest generation failed: CSV didn't contain collections, works, or pages (HTTP 400)
2020-11-04 13:46:17,815 - root - ERROR - --------------------------------------------
2020-11-04 13:46:18,032 - root - ERROR - Failed to upload 21198zz002c12v0_pages.csv: Manifest generation failed: CSV didn't contain collections, works, or pages (HTTP 400)
2020-11-04 13:46:18,032 - root - ERROR - --------------------------------------------
2020-11-04 13:46:18,249 - root - ERROR - Failed to upload 21198zz002c12zj_pages.csv: Manifest generation failed: CSV didn't contain collections, works, or pages (HTTP 400)
2020-11-04 13:46:18,249 - root - ERROR - --------------------------------------------
2020-11-04 13:46:18,468 - root - ERROR - Failed to upload 21198zz002c1312_pages.csv: Manifest generation failed: CSV didn't contain collections, works, or pages (HTTP 400)
2020-11-04 13:46:18,468 - root - ERROR - --------------------------------------------
2020-11-04 13:46:18,682 - root - ERROR - Failed to upload 21198zz002c138p_pages.csv: Manifest generation failed: CSV didn't contain collections, works, or pages (HTTP 400)
2020-11-04 13:46:18,682 - root - ERROR - --------------------------------------------
2020-11-04 13:46:18,903 - root - ERROR - Failed to upload 21198zz002c143k_pages.csv: Manifest generation failed: CSV didn't contain collections, works, or pages (HTTP 400)
2020-11-04 13:46:18,903 - root - ERROR - --------------------------------------------
2020-11-04 13:46:19,134 - root - ERROR - Failed to upload 21198zz002c1443_pages.csv: Manifest generation failed: CSV didn't contain collections, works, or pages (HTTP 400)
2020-11-04 13:46:19,134 - root - ERROR - --------------------------------------------
2020-11-04 13:46:19,341 - root - ERROR - Failed to upload 21198zz002c1464_pages.csv: Manifest generation failed: CSV didn't contain collections, works, or pages (HTTP 400)
2020-11-04 13:46:19,341 - root - ERROR - --------------------------------------------
2020-11-04 13:46:19,564 - root - ERROR - Failed to upload 21198zz002c149p_pages.csv: Manifest generation failed: CSV didn't contain collections, works, or pages (HTTP 400)
2020-11-04 13:46:19,564 - root - ERROR - --------------------------------------------
2020-11-04 13:46:19,784 - root - ERROR - Failed to upload 21198zz002c14b6_pages.csv: Manifest generation failed: CSV didn't contain collections, works, or pages (HTTP 400)
2020-11-04 13:46:19,785 - root - ERROR - --------------------------------------------
2020-11-04 13:46:19,994 - root - ERROR - Failed to upload 21198zz002c14hs_pages.csv: Manifest generation failed: CSV didn't contain collections, works, or pages (HTTP 400)
2020-11-04 13:46:19,994 - root - ERROR - --------------------------------------------
2020-11-04 13:46:20,215 - root - ERROR - Failed to upload 21198zz002c14j9_pages.csv: Manifest generation failed: CSV didn't contain collections, works, or pages (HTTP 400)
2020-11-04 13:46:20,215 - root - ERROR - --------------------------------------------
2020-11-04 13:46:20,421 - root - ERROR - Failed to upload 21198zz002c14wg_pages.csv: Manifest generation failed: CSV didn't contain collections, works, or pages (HTTP 400)
2020-11-04 13:46:20,421 - root - ERROR - --------------------------------------------
2020-11-04 13:46:20,630 - root - ERROR - Failed to upload 21198zz002c1574_pages.csv: Manifest generation failed: CSV didn't contain collections, works, or pages (HTTP 400)
2020-11-04 13:46:20,630 - root - ERROR - --------------------------------------------
2020-11-04 13:46:20,842 - root - ERROR - Failed to upload 21198zz002c15c6_pages.csv: Manifest generation failed: CSV didn't contain collections, works, or pages (HTTP 400)
2020-11-04 13:46:20,842 - root - ERROR - --------------------------------------------
2020-11-04 13:46:21,060 - root - ERROR - Failed to upload 21198zz002c15f7_pages.csv: Manifest generation failed: CSV didn't contain collections, works, or pages (HTTP 400)
2020-11-04 13:46:21,060 - root - ERROR - --------------------------------------------
2020-11-04 13:46:21,275 - root - ERROR - Failed to upload 21198zz002c15js_pages.csv: Manifest generation failed: CSV didn't contain collections, works, or pages (HTTP 400)
2020-11-04 13:46:21,275 - root - ERROR - --------------------------------------------
2020-11-04 13:46:21,487 - root - ERROR - Failed to upload 21198zz002c15sd_pages.csv: Manifest generation failed: CSV didn't contain collections, works, or pages (HTTP 400)
2020-11-04 13:46:21,487 - root - ERROR - --------------------------------------------
2020-11-04 13:46:21,701 - root - ERROR - Failed to upload 21198zz002c1600_pages.csv: Manifest generation failed: CSV didn't contain collections, works, or pages (HTTP 400)
2020-11-04 13:46:21,701 - root - ERROR - --------------------------------------------
2020-11-04 13:46:21,915 - root - ERROR - Failed to upload 21198zz002c165k_pages.csv: Manifest generation failed: CSV didn't contain collections, works, or pages (HTTP 400)
2020-11-04 13:46:21,915 - root - ERROR - --------------------------------------------
2020-11-04 13:46:22,129 - root - ERROR - Failed to upload 21198zz002c16sw_pages.csv: Manifest generation failed: CSV didn't contain collections, works, or pages (HTTP 400)
2020-11-04 13:46:22,129 - root - ERROR - --------------------------------------------
2020-11-04 13:46:22,345 - root - ERROR - Failed to upload 21198zz002c16td_pages.csv: Manifest generation failed: CSV didn't contain collections, works, or pages (HTTP 400)
2020-11-04 13:46:22,345 - root - ERROR - --------------------------------------------
2020-11-04 13:46:22,568 - root - ERROR - Failed to upload 21198zz002c16vx_pages.csv: Manifest generation failed: CSV didn't contain collections, works, or pages (HTTP 400)
2020-11-04 13:46:22,568 - root - ERROR - --------------------------------------------
2020-11-04 13:46:22,775 - root - ERROR - Failed to upload 21198zz002c16wf_pages.csv: Manifest generation failed: CSV didn't contain collections, works, or pages (HTTP 400)
2020-11-04 13:46:22,775 - root - ERROR - --------------------------------------------
2020-11-04 13:46:22,987 - root - ERROR - Failed to upload 21198zz002c16xz_pages.csv: Manifest generation failed: CSV didn't contain collections, works, or pages (HTTP 400)
2020-11-04 13:46:22,987 - root - ERROR - --------------------------------------------
2020-11-04 13:46:23,195 - root - ERROR - Failed to upload 21198zz002c16zg_pages.csv: Manifest generation failed: CSV didn't contain collections, works, or pages (HTTP 400)
2020-11-04 13:46:23,195 - root - ERROR - --------------------------------------------
2020-11-04 13:46:23,406 - root - ERROR - Failed to upload 21198zz002c170g_pages.csv: Manifest generation failed: CSV didn't contain collections, works, or pages (HTTP 400)
2020-11-04 13:46:23,406 - root - ERROR - --------------------------------------------
2020-11-04 13:46:23,634 - root - ERROR - Failed to upload 21198zz002c174j_pages.csv: Manifest generation failed: CSV didn't contain collections, works, or pages (HTTP 400)
2020-11-04 13:46:23,634 - root - ERROR - --------------------------------------------
2020-11-04 13:46:23,844 - root - ERROR - Failed to upload 21198zz002c1752_pages.csv: Manifest generation failed: CSV didn't contain collections, works, or pages (HTTP 400)
2020-11-04 13:46:23,844 - root - ERROR - --------------------------------------------
2020-11-04 13:46:24,055 - root - ERROR - Failed to upload 21198zz002c178m_pages.csv: Manifest generation failed: CSV didn't contain collections, works, or pages (HTTP 400)
2020-11-04 13:46:24,055 - root - ERROR - --------------------------------------------
2020-11-04 13:46:24,269 - root - ERROR - Failed to upload 21198zz002c1794_pages.csv: Manifest generation failed: CSV didn't contain collections, works, or pages (HTTP 400)
2020-11-04 13:46:24,269 - root - ERROR - --------------------------------------------
2020-11-04 13:46:24,488 - root - ERROR - Failed to upload 21198zz002c17bn_pages.csv: Manifest generation failed: CSV didn't contain collections, works, or pages (HTTP 400)
2020-11-04 13:46:24,488 - root - ERROR - --------------------------------------------
2020-11-04 13:46:24,691 - root - ERROR - Failed to upload 21198zz002c17c5_pages.csv: Manifest generation failed: CSV didn't contain collections, works, or pages (HTTP 400)
2020-11-04 13:46:24,691 - root - ERROR - --------------------------------------------
2020-11-04 13:46:24,897 - root - ERROR - Failed to upload 21198zz002c17dp_pages.csv: Manifest generation failed: CSV didn't contain collections, works, or pages (HTTP 400)
2020-11-04 13:46:24,897 - root - ERROR - --------------------------------------------
2020-11-04 13:46:25,103 - root - ERROR - Failed to upload 21198zz002c17sc_pages.csv: Manifest generation failed: CSV didn't contain collections, works, or pages (HTTP 400)
2020-11-04 13:46:25,103 - root - ERROR - --------------------------------------------
2020-11-04 13:46:25,319 - root - ERROR - Failed to upload 21198zz002c17xf_pages.csv: Manifest generation failed: CSV didn't contain collections, works, or pages (HTTP 400)
2020-11-04 13:46:25,320 - root - ERROR - --------------------------------------------
2020-11-04 13:46:25,538 - root - ERROR - Failed to upload 21198zz002c185j_pages.csv: Manifest generation failed: CSV didn't contain collections, works, or pages (HTTP 400)
2020-11-04 13:46:25,538 - root - ERROR - --------------------------------------------
2020-11-04 13:46:25,748 - root - ERROR - Failed to upload 21198zz002c18rb_pages.csv: Manifest generation failed: CSV didn't contain collections, works, or pages (HTTP 400)
2020-11-04 13:46:25,748 - root - ERROR - --------------------------------------------
2020-11-04 13:46:25,962 - root - ERROR - Failed to upload 21198zz002c19mr_pages.csv: Manifest generation failed: CSV didn't contain collections, works, or pages (HTTP 400)
2020-11-04 13:46:25,962 - root - ERROR - --------------------------------------------
2020-11-04 13:46:26,181 - root - ERROR - Failed to upload 21198zz002c19n8_pages.csv: Manifest generation failed: CSV didn't contain collections, works, or pages (HTTP 400)
2020-11-04 13:46:26,181 - root - ERROR - --------------------------------------------
2020-11-04 13:46:26,399 - root - ERROR - Failed to upload 21198zz002c19ps_pages.csv: Manifest generation failed: CSV didn't contain collections, works, or pages (HTTP 400)
2020-11-04 13:46:26,399 - root - ERROR - --------------------------------------------
2020-11-04 13:46:26,622 - root - ERROR - Failed to upload 21198zz002c19q9_pages.csv: Manifest generation failed: CSV didn't contain collections, works, or pages (HTTP 400)
2020-11-04 13:46:26,622 - root - ERROR - --------------------------------------------
2020-11-04 13:46:26,839 - root - ERROR - Failed to upload 21198zz002c19rt_pages.csv: Manifest generation failed: CSV didn't contain collections, works, or pages (HTTP 400)
2020-11-04 13:46:26,839 - root - ERROR - --------------------------------------------
2020-11-04 13:46:27,042 - root - ERROR - Failed to upload 21198zz002c19sb_pages.csv: Manifest generation failed: CSV didn't contain collections, works, or pages (HTTP 400)
2020-11-04 13:46:27,042 - root - ERROR - --------------------------------------------
2020-11-04 13:46:27,256 - root - ERROR - Failed to upload 21198zz002c19tv_pages.csv: Manifest generation failed: CSV didn't contain collections, works, or pages (HTTP 400)
2020-11-04 13:46:27,256 - root - ERROR - --------------------------------------------
2020-11-04 13:46:27,462 - root - ERROR - Failed to upload 21198zz002c19ww_pages.csv: Manifest generation failed: CSV didn't contain collections, works, or pages (HTTP 400)
2020-11-04 13:46:27,462 - root - ERROR - --------------------------------------------
2020-11-04 13:46:27,668 - root - ERROR - Failed to upload 21198zz002c19xd_pages.csv: Manifest generation failed: CSV didn't contain collections, works, or pages (HTTP 400)
2020-11-04 13:46:27,669 - root - ERROR - --------------------------------------------
2020-11-04 13:46:27,874 - root - ERROR - Failed to upload 21198zz002c1b40_pages.csv: Manifest generation failed: CSV didn't contain collections, works, or pages (HTTP 400)
2020-11-04 13:46:27,874 - root - ERROR - --------------------------------------------
2020-11-04 13:46:28,086 - root - ERROR - Failed to upload 21198zz002c1b5h_pages.csv: Manifest generation failed: CSV didn't contain collections, works, or pages (HTTP 400)
2020-11-04 13:46:28,086 - root - ERROR - --------------------------------------------
2020-11-04 13:46:28,308 - root - ERROR - Failed to upload 21198zz002c1b9k_pages.csv: Manifest generation failed: CSV didn't contain collections, works, or pages (HTTP 400)
2020-11-04 13:46:28,309 - root - ERROR - --------------------------------------------
2020-11-04 13:46:28,523 - root - ERROR - Failed to upload 21198zz002c1bb3_pages.csv: Manifest generation failed: CSV didn't contain collections, works, or pages (HTTP 400)
2020-11-04 13:46:28,523 - root - ERROR - --------------------------------------------
2020-11-04 13:46:28,730 - root - ERROR - Failed to upload 21198zz002c1bqs_pages.csv: Manifest generation failed: CSV didn't contain collections, works, or pages (HTTP 400)
2020-11-04 13:46:28,730 - root - ERROR - --------------------------------------------
2020-11-04 13:46:28,938 - root - ERROR - Failed to upload 21198zz002c1br9_pages.csv: Manifest generation failed: CSV didn't contain collections, works, or pages (HTTP 400)
2020-11-04 13:46:28,938 - root - ERROR - --------------------------------------------
2020-11-04 13:46:29,142 - root - ERROR - Failed to upload 21198zz002c1bst_pages.csv: Manifest generation failed: CSV didn't contain collections, works, or pages (HTTP 400)
2020-11-04 13:46:29,142 - root - ERROR - --------------------------------------------
2020-11-04 13:46:29,350 - root - ERROR - Failed to upload 21198zz002c1bxw_pages.csv: Manifest generation failed: CSV didn't contain collections, works, or pages (HTTP 400)
2020-11-04 13:46:29,350 - root - ERROR - --------------------------------------------
2020-11-04 13:46:29,569 - root - ERROR - Failed to upload 21198zz002c1c0d_pages.csv: Manifest generation failed: CSV didn't contain collections, works, or pages (HTTP 400)
2020-11-04 13:46:29,569 - root - ERROR - --------------------------------------------
2020-11-04 13:46:29,782 - root - ERROR - Failed to upload 21198zz002c1ctt_pages.csv: Manifest generation failed: CSV didn't contain collections, works, or pages (HTTP 400)
2020-11-04 13:46:29,782 - root - ERROR - --------------------------------------------
2020-11-04 13:46:29,996 - root - ERROR - Failed to upload 21198zz002c1dqr_pages.csv: Manifest generation failed: CSV didn't contain collections, works, or pages (HTTP 400)
2020-11-04 13:46:29,996 - root - ERROR - --------------------------------------------
2020-11-04 13:46:30,210 - root - ERROR - Failed to upload 21198zz002c1f8h_pages.csv: Manifest generation failed: CSV didn't contain collections, works, or pages (HTTP 400)
2020-11-04 13:46:30,210 - root - ERROR - --------------------------------------------
2020-11-04 13:46:30,424 - root - ERROR - Failed to upload 21198zz002c1fgm_pages.csv: Manifest generation failed: CSV didn't contain collections, works, or pages (HTTP 400)
2020-11-04 13:46:30,424 - root - ERROR - --------------------------------------------
2020-11-04 13:46:30,630 - root - ERROR - Failed to upload 21198zz002c1fjn_pages.csv: Manifest generation failed: CSV didn't contain collections, works, or pages (HTTP 400)
2020-11-04 13:46:30,630 - root - ERROR - --------------------------------------------
2020-11-04 13:46:30,853 - root - ERROR - Failed to upload 21198zz002c1fq7_pages.csv: Manifest generation failed: CSV didn't contain collections, works, or pages (HTTP 400)
2020-11-04 13:46:30,853 - root - ERROR - --------------------------------------------
2020-11-04 13:46:31,071 - root - ERROR - Failed to upload 21198zz002c1frr_pages.csv: Manifest generation failed: CSV didn't contain collections, works, or pages (HTTP 400)
2020-11-04 13:46:31,071 - root - ERROR - --------------------------------------------
2020-11-04 13:46:31,282 - root - ERROR - Failed to upload 21198zz002c1g0v_pages.csv: Manifest generation failed: CSV didn't contain collections, works, or pages (HTTP 400)
2020-11-04 13:46:31,282 - root - ERROR - --------------------------------------------
2020-11-04 13:46:31,506 - root - ERROR - Failed to upload 21198zz002c1g4x_pages.csv: Manifest generation failed: CSV didn't contain collections, works, or pages (HTTP 400)
2020-11-04 13:46:31,506 - root - ERROR - --------------------------------------------
2020-11-04 13:46:31,716 - root - ERROR - Failed to upload 21198zz002c1g7g_pages.csv: Manifest generation failed: CSV didn't contain collections, works, or pages (HTTP 400)
2020-11-04 13:46:31,716 - root - ERROR - --------------------------------------------
2020-11-04 13:46:31,927 - root - ERROR - Failed to upload 21198zz002c1gp6_pages.csv: Manifest generation failed: CSV didn't contain collections, works, or pages (HTTP 400)
2020-11-04 13:46:31,927 - root - ERROR - --------------------------------------------
2020-11-04 13:46:32,138 - root - ERROR - Failed to upload 21198zz002c1hc1_pages.csv: Manifest generation failed: CSV didn't contain collections, works, or pages (HTTP 400)
2020-11-04 13:46:32,138 - root - ERROR - --------------------------------------------
2020-11-04 13:46:32,350 - root - ERROR - Failed to upload 21198zz002c1hv8_pages.csv: Manifest generation failed: CSV didn't contain collections, works, or pages (HTTP 400)
2020-11-04 13:46:32,350 - root - ERROR - --------------------------------------------
2020-11-04 13:46:32,560 - root - ERROR - Failed to upload 21198zz002c1hws_pages.csv: Manifest generation failed: CSV didn't contain collections, works, or pages (HTTP 400)
2020-11-04 13:46:32,560 - root - ERROR - --------------------------------------------
2020-11-04 13:46:32,767 - root - ERROR - Failed to upload 21198zz002c1jg2_pages.csv: Manifest generation failed: CSV didn't contain collections, works, or pages (HTTP 400)
2020-11-04 13:46:32,767 - root - ERROR - --------------------------------------------
2020-11-04 13:46:32,978 - root - ERROR - Failed to upload 21198zz002c1jj3_pages.csv: Manifest generation failed: CSV didn't contain collections, works, or pages (HTTP 400)
2020-11-04 13:46:32,978 - root - ERROR - --------------------------------------------
2020-11-04 13:46:33,195 - root - ERROR - Failed to upload 21198zz002c1jxs_pages.csv: Manifest generation failed: CSV didn't contain collections, works, or pages (HTTP 400)
2020-11-04 13:46:33,195 - root - ERROR - --------------------------------------------
2020-11-04 13:46:33,402 - root - ERROR - Failed to upload 21198zz002c1jz9_pages.csv: Manifest generation failed: CSV didn't contain collections, works, or pages (HTTP 400)
2020-11-04 13:46:33,402 - root - ERROR - --------------------------------------------
2020-11-04 13:46:33,614 - root - ERROR - Failed to upload 21198zz002c1kjk_pages.csv: Manifest generation failed: CSV didn't contain collections, works, or pages (HTTP 400)
2020-11-04 13:46:33,614 - root - ERROR - --------------------------------------------
2020-11-04 13:46:33,838 - root - ERROR - Failed to upload 21198zz002c1nbf_pages.csv: Manifest generation failed: CSV didn't contain collections, works, or pages (HTTP 400)
2020-11-04 13:46:33,838 - root - ERROR - --------------------------------------------
2020-11-04 13:46:34,057 - root - ERROR - Failed to upload 21198zz002c1nh1_pages.csv: Manifest generation failed: CSV didn't contain collections, works, or pages (HTTP 400)
2020-11-04 13:46:34,057 - root - ERROR - --------------------------------------------
2020-11-04 13:46:34,269 - root - ERROR - Failed to upload 21198zz002c1njj_pages.csv: Manifest generation failed: CSV didn't contain collections, works, or pages (HTTP 400)
2020-11-04 13:46:34,269 - root - ERROR - --------------------------------------------
2020-11-04 13:46:34,479 - root - ERROR - Failed to upload 21198zz002c1nk2_pages.csv: Manifest generation failed: CSV didn't contain collections, works, or pages (HTTP 400)
2020-11-04 13:46:34,479 - root - ERROR - --------------------------------------------
2020-11-04 13:46:34,691 - root - ERROR - Failed to upload 21198zz002c1nmk_pages.csv: Manifest generation failed: CSV didn't contain collections, works, or pages (HTTP 400)
2020-11-04 13:46:34,691 - root - ERROR - --------------------------------------------
