2020-05-14 12:51:44,404 - root - INFO - STARTING at 2020-05-14 12:51:44...
2020-05-14 12:51:45,316 - root - ERROR - Failed to upload 0183_21198zz000stp3t_pages.csv: 400
2020-05-14 12:51:45,316 - root - ERROR - <!DOCTYPE html>

<html lang="en">

<head>

<title>Fester CSV Upload</title>

<meta charset="utf-8" />
<meta name="viewport" content="width=device-width, initial-scale=1, shrink-to-fit=no">

<link rel="stylesheet" href="/fester/css/bootstrap.min.css">
<link rel="stylesheet" href="/fester/css/fester-custom.css">
<link rel="stylesheet" href="/fester/css/fester-response.css">

</head>

<body>
  <nav class="navbar navbar-expand-md bg-custom-grey navbar-dark bg-dark fixed-top">
    <button class="navbar-toggler navbar-toggler-right" type="button" data-toggle="collapse"
      data-target="#navbarsExampleDefault" aria-controls="navbarsExampleDefault" aria-expanded="false"
      aria-label="Toggle navigation">
      <span class="navbar-toggler-icon"></span>
    </button>
    <a class="navbar-brand" href="/fester">Fester</a>
    <div class="collapse navbar-collapse" id="navbarNavAltMarkup">
      <div class="navbar-nav">
        <a class="nav-item nav-link active" href="/fester/upload/csv">CSV Upload</a> <a class="nav-item nav-link active"
          href="/fester/docs">API Documentation</a>
      </div>
    </div>
  </nav>

  <div class="container-fluid">
    <h1 id="csv-upload-title">Error</h1>
    <p>Manifest generation failed: Unexpected object type: ChildWork</p>
  </div>

  <script src="https://ajax.googleapis.com/ajax/libs/jquery/3.4.1/jquery.min.js"></script>
  <script src="https://cdnjs.cloudflare.com/ajax/libs/popper.js/1.14.7/umd/popper.min.js"></script>
  <script src="https://maxcdn.bootstrapcdn.com/bootstrap/4.3.1/js/bootstrap.min.js"></script>
</body>

</html>

2020-05-14 12:51:45,316 - root - ERROR - --------------------------------------------
2020-05-14 12:51:45,317 - root - INFO - DONE at 2020-05-14 12:51:45.
